<?xml version="1.0" encoding="UTF-8"?>
<testsuite xmlns:xsi="http://www.w3.org/2001/XMLSchema-instance" xsi:noNamespaceSchemaLocation="https://maven.apache.org/surefire/maven-surefire-plugin/xsd/surefire-test-report.xsd" name="US1010 herokuapp Delete testi" time="28.408" tests="1" errors="1" skipped="0" failures="0">
  <properties>
    <property name="gopherProxySet" value="false"/>
    <property name="awt.toolkit" value="sun.lwawt.macosx.LWCToolkit"/>
    <property name="java.specification.version" value="11"/>
    <property name="webdriver.chrome.driver" value="/Users/zergin_26/.cache/selenium/chromedriver/mac64/102.0.5005.61/chromedriver"/>
    <property name="sun.cpu.isalist" value=""/>
    <property name="sun.jnu.encoding" value="UTF-8"/>
    <property name="java.class.path" value="/Users/zergin_26/IdeaProjects/com.Batch59Cucumber1/target/test-classes:/Users/zergin_26/IdeaProjects/com.Batch59Cucumber1/target/classes:/Users/zergin_26/.m2/repository/org/seleniumhq/selenium/selenium-java/4.1.3/selenium-java-4.1.3.jar:/Users/zergin_26/.m2/repository/org/seleniumhq/selenium/selenium-api/4.1.3/selenium-api-4.1.3.jar:/Users/zergin_26/.m2/repository/org/seleniumhq/selenium/selenium-chrome-driver/4.1.3/selenium-chrome-driver-4.1.3.jar:/Users/zergin_26/.m2/repository/com/google/auto/service/auto-service-annotations/1.0.1/auto-service-annotations-1.0.1.jar:/Users/zergin_26/.m2/repository/com/google/auto/service/auto-service/1.0.1/auto-service-1.0.1.jar:/Users/zergin_26/.m2/repository/com/google/auto/auto-common/1.2/auto-common-1.2.jar:/Users/zergin_26/.m2/repository/com/google/guava/guava/31.1-jre/guava-31.1-jre.jar:/Users/zergin_26/.m2/repository/com/google/guava/failureaccess/1.0.1/failureaccess-1.0.1.jar:/Users/zergin_26/.m2/repository/com/google/guava/listenablefuture/9999.0-empty-to-avoid-conflict-with-guava/listenablefuture-9999.0-empty-to-avoid-conflict-with-guava.jar:/Users/zergin_26/.m2/repository/com/google/code/findbugs/jsr305/3.0.2/jsr305-3.0.2.jar:/Users/zergin_26/.m2/repository/org/checkerframework/checker-qual/3.12.0/checker-qual-3.12.0.jar:/Users/zergin_26/.m2/repository/com/google/errorprone/error_prone_annotations/2.11.0/error_prone_annotations-2.11.0.jar:/Users/zergin_26/.m2/repository/com/google/j2objc/j2objc-annotations/1.3/j2objc-annotations-1.3.jar:/Users/zergin_26/.m2/repository/org/seleniumhq/selenium/selenium-chromium-driver/4.1.3/selenium-chromium-driver-4.1.3.jar:/Users/zergin_26/.m2/repository/org/seleniumhq/selenium/selenium-json/4.1.3/selenium-json-4.1.3.jar:/Users/zergin_26/.m2/repository/org/seleniumhq/selenium/selenium-devtools-v85/4.1.3/selenium-devtools-v85-4.1.3.jar:/Users/zergin_26/.m2/repository/org/seleniumhq/selenium/selenium-devtools-v97/4.1.3/selenium-devtools-v97-4.1.3.jar:/Users/zergin_26/.m2/repository/org/seleniumhq/selenium/selenium-devtools-v98/4.1.3/selenium-devtools-v98-4.1.3.jar:/Users/zergin_26/.m2/repository/org/seleniumhq/selenium/selenium-devtools-v99/4.1.3/selenium-devtools-v99-4.1.3.jar:/Users/zergin_26/.m2/repository/org/seleniumhq/selenium/selenium-edge-driver/4.1.3/selenium-edge-driver-4.1.3.jar:/Users/zergin_26/.m2/repository/org/seleniumhq/selenium/selenium-firefox-driver/4.1.3/selenium-firefox-driver-4.1.3.jar:/Users/zergin_26/.m2/repository/org/seleniumhq/selenium/selenium-ie-driver/4.1.3/selenium-ie-driver-4.1.3.jar:/Users/zergin_26/.m2/repository/org/seleniumhq/selenium/selenium-opera-driver/4.1.3/selenium-opera-driver-4.1.3.jar:/Users/zergin_26/.m2/repository/org/seleniumhq/selenium/selenium-remote-driver/4.1.3/selenium-remote-driver-4.1.3.jar:/Users/zergin_26/.m2/repository/com/beust/jcommander/1.82/jcommander-1.82.jar:/Users/zergin_26/.m2/repository/io/netty/netty-buffer/4.1.75.Final/netty-buffer-4.1.75.Final.jar:/Users/zergin_26/.m2/repository/io/netty/netty-codec-http/4.1.75.Final/netty-codec-http-4.1.75.Final.jar:/Users/zergin_26/.m2/repository/io/netty/netty-codec/4.1.75.Final/netty-codec-4.1.75.Final.jar:/Users/zergin_26/.m2/repository/io/netty/netty-handler/4.1.75.Final/netty-handler-4.1.75.Final.jar:/Users/zergin_26/.m2/repository/io/netty/netty-common/4.1.75.Final/netty-common-4.1.75.Final.jar:/Users/zergin_26/.m2/repository/io/netty/netty-transport-classes-epoll/4.1.75.Final/netty-transport-classes-epoll-4.1.75.Final.jar:/Users/zergin_26/.m2/repository/io/netty/netty-transport-classes-kqueue/4.1.75.Final/netty-transport-classes-kqueue-4.1.75.Final.jar:/Users/zergin_26/.m2/repository/io/netty/netty-transport-native-epoll/4.1.75.Final/netty-transport-native-epoll-4.1.75.Final.jar:/Users/zergin_26/.m2/repository/io/netty/netty-transport-native-kqueue/4.1.75.Final/netty-transport-native-kqueue-4.1.75.Final.jar:/Users/zergin_26/.m2/repository/io/netty/netty-transport-native-unix-common/4.1.75.Final/netty-transport-native-unix-common-4.1.75.Final.jar:/Users/zergin_26/.m2/repository/io/netty/netty-transport/4.1.75.Final/netty-transport-4.1.75.Final.jar:/Users/zergin_26/.m2/repository/io/netty/netty-resolver/4.1.75.Final/netty-resolver-4.1.75.Final.jar:/Users/zergin_26/.m2/repository/io/opentelemetry/opentelemetry-api/1.12.0/opentelemetry-api-1.12.0.jar:/Users/zergin_26/.m2/repository/io/opentelemetry/opentelemetry-context/1.12.0/opentelemetry-context-1.12.0.jar:/Users/zergin_26/.m2/repository/io/opentelemetry/opentelemetry-exporter-logging/1.12.0/opentelemetry-exporter-logging-1.12.0.jar:/Users/zergin_26/.m2/repository/io/opentelemetry/opentelemetry-sdk-metrics/1.12.0-alpha/opentelemetry-sdk-metrics-1.12.0-alpha.jar:/Users/zergin_26/.m2/repository/io/opentelemetry/opentelemetry-sdk-logs/1.12.0-alpha/opentelemetry-sdk-logs-1.12.0-alpha.jar:/Users/zergin_26/.m2/repository/io/opentelemetry/opentelemetry-sdk-common/1.12.0/opentelemetry-sdk-common-1.12.0.jar:/Users/zergin_26/.m2/repository/io/opentelemetry/opentelemetry-sdk-extension-autoconfigure-spi/1.12.0/opentelemetry-sdk-extension-autoconfigure-spi-1.12.0.jar:/Users/zergin_26/.m2/repository/io/opentelemetry/opentelemetry-sdk-extension-autoconfigure/1.12.0-alpha/opentelemetry-sdk-extension-autoconfigure-1.12.0-alpha.jar:/Users/zergin_26/.m2/repository/io/opentelemetry/opentelemetry-sdk-trace/1.12.0/opentelemetry-sdk-trace-1.12.0.jar:/Users/zergin_26/.m2/repository/io/opentelemetry/opentelemetry-sdk/1.12.0/opentelemetry-sdk-1.12.0.jar:/Users/zergin_26/.m2/repository/io/opentelemetry/opentelemetry-semconv/1.12.0-alpha/opentelemetry-semconv-1.12.0-alpha.jar:/Users/zergin_26/.m2/repository/io/ous/jtoml/2.0.0/jtoml-2.0.0.jar:/Users/zergin_26/.m2/repository/net/bytebuddy/byte-buddy/1.12.8/byte-buddy-1.12.8.jar:/Users/zergin_26/.m2/repository/org/apache/commons/commons-exec/1.3/commons-exec-1.3.jar:/Users/zergin_26/.m2/repository/org/asynchttpclient/async-http-client/2.12.3/async-http-client-2.12.3.jar:/Users/zergin_26/.m2/repository/org/asynchttpclient/async-http-client-netty-utils/2.12.3/async-http-client-netty-utils-2.12.3.jar:/Users/zergin_26/.m2/repository/io/netty/netty-codec-socks/4.1.60.Final/netty-codec-socks-4.1.60.Final.jar:/Users/zergin_26/.m2/repository/io/netty/netty-handler-proxy/4.1.60.Final/netty-handler-proxy-4.1.60.Final.jar:/Users/zergin_26/.m2/repository/io/netty/netty-transport-native-epoll/4.1.60.Final/netty-transport-native-epoll-4.1.60.Final-linux-x86_64.jar:/Users/zergin_26/.m2/repository/io/netty/netty-transport-native-kqueue/4.1.60.Final/netty-transport-native-kqueue-4.1.60.Final-osx-x86_64.jar:/Users/zergin_26/.m2/repository/org/reactivestreams/reactive-streams/1.0.3/reactive-streams-1.0.3.jar:/Users/zergin_26/.m2/repository/com/typesafe/netty/netty-reactive-streams/2.0.4/netty-reactive-streams-2.0.4.jar:/Users/zergin_26/.m2/repository/com/sun/activation/jakarta.activation/1.2.2/jakarta.activation-1.2.2.jar:/Users/zergin_26/.m2/repository/org/seleniumhq/selenium/selenium-http/4.1.3/selenium-http-4.1.3.jar:/Users/zergin_26/.m2/repository/dev/failsafe/failsafe/3.2.3/failsafe-3.2.3.jar:/Users/zergin_26/.m2/repository/org/seleniumhq/selenium/selenium-safari-driver/4.1.3/selenium-safari-driver-4.1.3.jar:/Users/zergin_26/.m2/repository/org/seleniumhq/selenium/selenium-support/4.1.3/selenium-support-4.1.3.jar:/Users/zergin_26/.m2/repository/io/github/bonigarcia/webdrivermanager/5.1.0/webdrivermanager-5.1.0.jar:/Users/zergin_26/.m2/repository/org/slf4j/slf4j-api/1.7.36/slf4j-api-1.7.36.jar:/Users/zergin_26/.m2/repository/com/google/code/gson/gson/2.9.0/gson-2.9.0.jar:/Users/zergin_26/.m2/repository/com/github/docker-java/docker-java/3.2.13/docker-java-3.2.13.jar:/Users/zergin_26/.m2/repository/com/github/docker-java/docker-java-core/3.2.13/docker-java-core-3.2.13.jar:/Users/zergin_26/.m2/repository/com/github/docker-java/docker-java-api/3.2.13/docker-java-api-3.2.13.jar:/Users/zergin_26/.m2/repository/com/fasterxml/jackson/core/jackson-annotations/2.10.3/jackson-annotations-2.10.3.jar:/Users/zergin_26/.m2/repository/com/fasterxml/jackson/core/jackson-databind/2.10.3/jackson-databind-2.10.3.jar:/Users/zergin_26/.m2/repository/com/fasterxml/jackson/core/jackson-core/2.10.3/jackson-core-2.10.3.jar:/Users/zergin_26/.m2/repository/org/bouncycastle/bcpkix-jdk15on/1.64/bcpkix-jdk15on-1.64.jar:/Users/zergin_26/.m2/repository/org/bouncycastle/bcprov-jdk15on/1.64/bcprov-jdk15on-1.64.jar:/Users/zergin_26/.m2/repository/org/slf4j/jcl-over-slf4j/1.7.30/jcl-over-slf4j-1.7.30.jar:/Users/zergin_26/.m2/repository/com/github/docker-java/docker-java-transport-httpclient5/3.2.13/docker-java-transport-httpclient5-3.2.13.jar:/Users/zergin_26/.m2/repository/com/github/docker-java/docker-java-transport/3.2.13/docker-java-transport-3.2.13.jar:/Users/zergin_26/.m2/repository/org/apache/httpcomponents/client5/httpclient5/5.0.3/httpclient5-5.0.3.jar:/Users/zergin_26/.m2/repository/org/apache/httpcomponents/core5/httpcore5/5.0.2/httpcore5-5.0.2.jar:/Users/zergin_26/.m2/repository/net/java/dev/jna/jna/5.8.0/jna-5.8.0.jar:/Users/zergin_26/.m2/repository/org/brotli/dec/0.1.2/dec-0.1.2.jar:/Users/zergin_26/.m2/repository/org/apache/commons/commons-lang3/3.12.0/commons-lang3-3.12.0.jar:/Users/zergin_26/.m2/repository/io/cucumber/cucumber-java/7.2.3/cucumber-java-7.2.3.jar:/Users/zergin_26/.m2/repository/io/cucumber/cucumber-core/7.2.3/cucumber-core-7.2.3.jar:/Users/zergin_26/.m2/repository/io/cucumber/cucumber-gherkin/7.2.3/cucumber-gherkin-7.2.3.jar:/Users/zergin_26/.m2/repository/io/cucumber/cucumber-gherkin-messages/7.2.3/cucumber-gherkin-messages-7.2.3.jar:/Users/zergin_26/.m2/repository/io/cucumber/messages/17.1.1/messages-17.1.1.jar:/Users/zergin_26/.m2/repository/io/cucumber/tag-expressions/4.1.0/tag-expressions-4.1.0.jar:/Users/zergin_26/.m2/repository/io/cucumber/cucumber-expressions/15.0.1/cucumber-expressions-15.0.1.jar:/Users/zergin_26/.m2/repository/io/cucumber/datatable/7.2.3/datatable-7.2.3.jar:/Users/zergin_26/.m2/repository/io/cucumber/cucumber-plugin/7.2.3/cucumber-plugin-7.2.3.jar:/Users/zergin_26/.m2/repository/io/cucumber/docstring/7.2.3/docstring-7.2.3.jar:/Users/zergin_26/.m2/repository/io/cucumber/html-formatter/17.0.0/html-formatter-17.0.0.jar:/Users/zergin_26/.m2/repository/io/cucumber/ci-environment/8.1.0/ci-environment-8.1.0.jar:/Users/zergin_26/.m2/repository/org/apiguardian/apiguardian-api/1.1.2/apiguardian-api-1.1.2.jar:/Users/zergin_26/.m2/repository/io/cucumber/cucumber-junit/7.2.3/cucumber-junit-7.2.3.jar:/Users/zergin_26/.m2/repository/junit/junit/4.13.2/junit-4.13.2.jar:/Users/zergin_26/.m2/repository/org/hamcrest/hamcrest-core/1.3/hamcrest-core-1.3.jar:/Users/zergin_26/.m2/repository/com/github/javafaker/javafaker/1.0.2/javafaker-1.0.2.jar:/Users/zergin_26/.m2/repository/org/yaml/snakeyaml/1.23/snakeyaml-1.23-android.jar:/Users/zergin_26/.m2/repository/com/github/mifmif/generex/1.0.2/generex-1.0.2.jar:/Users/zergin_26/.m2/repository/dk/brics/automaton/automaton/1.11-8/automaton-1.11-8.jar:/Users/zergin_26/.m2/repository/org/apache/poi/poi/5.2.2/poi-5.2.2.jar:/Users/zergin_26/.m2/repository/commons-codec/commons-codec/1.15/commons-codec-1.15.jar:/Users/zergin_26/.m2/repository/org/apache/commons/commons-collections4/4.4/commons-collections4-4.4.jar:/Users/zergin_26/.m2/repository/org/apache/commons/commons-math3/3.6.1/commons-math3-3.6.1.jar:/Users/zergin_26/.m2/repository/commons-io/commons-io/2.11.0/commons-io-2.11.0.jar:/Users/zergin_26/.m2/repository/com/zaxxer/SparseBitSet/1.2/SparseBitSet-1.2.jar:/Users/zergin_26/.m2/repository/org/apache/logging/log4j/log4j-api/2.17.2/log4j-api-2.17.2.jar:/Users/zergin_26/.m2/repository/org/apache/poi/poi-ooxml/5.2.2/poi-ooxml-5.2.2.jar:/Users/zergin_26/.m2/repository/org/apache/poi/poi-ooxml-lite/5.2.2/poi-ooxml-lite-5.2.2.jar:/Users/zergin_26/.m2/repository/org/apache/xmlbeans/xmlbeans/5.0.3/xmlbeans-5.0.3.jar:/Users/zergin_26/.m2/repository/org/apache/commons/commons-compress/1.21/commons-compress-1.21.jar:/Users/zergin_26/.m2/repository/com/github/virtuald/curvesapi/1.07/curvesapi-1.07.jar:"/>
    <property name="java.vm.vendor" value="Amazon.com Inc."/>
    <property name="sun.arch.data.model" value="64"/>
    <property name="java.vendor.url" value="https://aws.amazon.com/corretto/"/>
    <property name="user.timezone" value="Europe/Istanbul"/>
    <property name="java.vm.specification.version" value="11"/>
    <property name="os.name" value="Mac OS X"/>
    <property name="sun.java.launcher" value="SUN_STANDARD"/>
    <property name="user.country" value="TR"/>
    <property name="sun.boot.library.path" value="/Users/zergin_26/Library/Java/JavaVirtualMachines/corretto-11.0.14.1/Contents/Home/lib"/>
    <property name="sun.java.command" value="/Users/zergin_26/IdeaProjects/com.Batch59Cucumber1/target/surefire/surefirebooter6760174971862793562.jar /Users/zergin_26/IdeaProjects/com.Batch59Cucumber1/target/surefire 2022-06-10T06-24-45_031-jvmRun1 surefire3086303418349244698tmp surefire_018287306027546137580tmp"/>
    <property name="http.nonProxyHosts" value="local|*.local|169.254/16|*.169.254/16"/>
    <property name="jdk.debug" value="release"/>
    <property name="surefire.test.class.path" value="/Users/zergin_26/IdeaProjects/com.Batch59Cucumber1/target/test-classes:/Users/zergin_26/IdeaProjects/com.Batch59Cucumber1/target/classes:/Users/zergin_26/.m2/repository/org/seleniumhq/selenium/selenium-java/4.1.3/selenium-java-4.1.3.jar:/Users/zergin_26/.m2/repository/org/seleniumhq/selenium/selenium-api/4.1.3/selenium-api-4.1.3.jar:/Users/zergin_26/.m2/repository/org/seleniumhq/selenium/selenium-chrome-driver/4.1.3/selenium-chrome-driver-4.1.3.jar:/Users/zergin_26/.m2/repository/com/google/auto/service/auto-service-annotations/1.0.1/auto-service-annotations-1.0.1.jar:/Users/zergin_26/.m2/repository/com/google/auto/service/auto-service/1.0.1/auto-service-1.0.1.jar:/Users/zergin_26/.m2/repository/com/google/auto/auto-common/1.2/auto-common-1.2.jar:/Users/zergin_26/.m2/repository/com/google/guava/guava/31.1-jre/guava-31.1-jre.jar:/Users/zergin_26/.m2/repository/com/google/guava/failureaccess/1.0.1/failureaccess-1.0.1.jar:/Users/zergin_26/.m2/repository/com/google/guava/listenablefuture/9999.0-empty-to-avoid-conflict-with-guava/listenablefuture-9999.0-empty-to-avoid-conflict-with-guava.jar:/Users/zergin_26/.m2/repository/com/google/code/findbugs/jsr305/3.0.2/jsr305-3.0.2.jar:/Users/zergin_26/.m2/repository/org/checkerframework/checker-qual/3.12.0/checker-qual-3.12.0.jar:/Users/zergin_26/.m2/repository/com/google/errorprone/error_prone_annotations/2.11.0/error_prone_annotations-2.11.0.jar:/Users/zergin_26/.m2/repository/com/google/j2objc/j2objc-annotations/1.3/j2objc-annotations-1.3.jar:/Users/zergin_26/.m2/repository/org/seleniumhq/selenium/selenium-chromium-driver/4.1.3/selenium-chromium-driver-4.1.3.jar:/Users/zergin_26/.m2/repository/org/seleniumhq/selenium/selenium-json/4.1.3/selenium-json-4.1.3.jar:/Users/zergin_26/.m2/repository/org/seleniumhq/selenium/selenium-devtools-v85/4.1.3/selenium-devtools-v85-4.1.3.jar:/Users/zergin_26/.m2/repository/org/seleniumhq/selenium/selenium-devtools-v97/4.1.3/selenium-devtools-v97-4.1.3.jar:/Users/zergin_26/.m2/repository/org/seleniumhq/selenium/selenium-devtools-v98/4.1.3/selenium-devtools-v98-4.1.3.jar:/Users/zergin_26/.m2/repository/org/seleniumhq/selenium/selenium-devtools-v99/4.1.3/selenium-devtools-v99-4.1.3.jar:/Users/zergin_26/.m2/repository/org/seleniumhq/selenium/selenium-edge-driver/4.1.3/selenium-edge-driver-4.1.3.jar:/Users/zergin_26/.m2/repository/org/seleniumhq/selenium/selenium-firefox-driver/4.1.3/selenium-firefox-driver-4.1.3.jar:/Users/zergin_26/.m2/repository/org/seleniumhq/selenium/selenium-ie-driver/4.1.3/selenium-ie-driver-4.1.3.jar:/Users/zergin_26/.m2/repository/org/seleniumhq/selenium/selenium-opera-driver/4.1.3/selenium-opera-driver-4.1.3.jar:/Users/zergin_26/.m2/repository/org/seleniumhq/selenium/selenium-remote-driver/4.1.3/selenium-remote-driver-4.1.3.jar:/Users/zergin_26/.m2/repository/com/beust/jcommander/1.82/jcommander-1.82.jar:/Users/zergin_26/.m2/repository/io/netty/netty-buffer/4.1.75.Final/netty-buffer-4.1.75.Final.jar:/Users/zergin_26/.m2/repository/io/netty/netty-codec-http/4.1.75.Final/netty-codec-http-4.1.75.Final.jar:/Users/zergin_26/.m2/repository/io/netty/netty-codec/4.1.75.Final/netty-codec-4.1.75.Final.jar:/Users/zergin_26/.m2/repository/io/netty/netty-handler/4.1.75.Final/netty-handler-4.1.75.Final.jar:/Users/zergin_26/.m2/repository/io/netty/netty-common/4.1.75.Final/netty-common-4.1.75.Final.jar:/Users/zergin_26/.m2/repository/io/netty/netty-transport-classes-epoll/4.1.75.Final/netty-transport-classes-epoll-4.1.75.Final.jar:/Users/zergin_26/.m2/repository/io/netty/netty-transport-classes-kqueue/4.1.75.Final/netty-transport-classes-kqueue-4.1.75.Final.jar:/Users/zergin_26/.m2/repository/io/netty/netty-transport-native-epoll/4.1.75.Final/netty-transport-native-epoll-4.1.75.Final.jar:/Users/zergin_26/.m2/repository/io/netty/netty-transport-native-kqueue/4.1.75.Final/netty-transport-native-kqueue-4.1.75.Final.jar:/Users/zergin_26/.m2/repository/io/netty/netty-transport-native-unix-common/4.1.75.Final/netty-transport-native-unix-common-4.1.75.Final.jar:/Users/zergin_26/.m2/repository/io/netty/netty-transport/4.1.75.Final/netty-transport-4.1.75.Final.jar:/Users/zergin_26/.m2/repository/io/netty/netty-resolver/4.1.75.Final/netty-resolver-4.1.75.Final.jar:/Users/zergin_26/.m2/repository/io/opentelemetry/opentelemetry-api/1.12.0/opentelemetry-api-1.12.0.jar:/Users/zergin_26/.m2/repository/io/opentelemetry/opentelemetry-context/1.12.0/opentelemetry-context-1.12.0.jar:/Users/zergin_26/.m2/repository/io/opentelemetry/opentelemetry-exporter-logging/1.12.0/opentelemetry-exporter-logging-1.12.0.jar:/Users/zergin_26/.m2/repository/io/opentelemetry/opentelemetry-sdk-metrics/1.12.0-alpha/opentelemetry-sdk-metrics-1.12.0-alpha.jar:/Users/zergin_26/.m2/repository/io/opentelemetry/opentelemetry-sdk-logs/1.12.0-alpha/opentelemetry-sdk-logs-1.12.0-alpha.jar:/Users/zergin_26/.m2/repository/io/opentelemetry/opentelemetry-sdk-common/1.12.0/opentelemetry-sdk-common-1.12.0.jar:/Users/zergin_26/.m2/repository/io/opentelemetry/opentelemetry-sdk-extension-autoconfigure-spi/1.12.0/opentelemetry-sdk-extension-autoconfigure-spi-1.12.0.jar:/Users/zergin_26/.m2/repository/io/opentelemetry/opentelemetry-sdk-extension-autoconfigure/1.12.0-alpha/opentelemetry-sdk-extension-autoconfigure-1.12.0-alpha.jar:/Users/zergin_26/.m2/repository/io/opentelemetry/opentelemetry-sdk-trace/1.12.0/opentelemetry-sdk-trace-1.12.0.jar:/Users/zergin_26/.m2/repository/io/opentelemetry/opentelemetry-sdk/1.12.0/opentelemetry-sdk-1.12.0.jar:/Users/zergin_26/.m2/repository/io/opentelemetry/opentelemetry-semconv/1.12.0-alpha/opentelemetry-semconv-1.12.0-alpha.jar:/Users/zergin_26/.m2/repository/io/ous/jtoml/2.0.0/jtoml-2.0.0.jar:/Users/zergin_26/.m2/repository/net/bytebuddy/byte-buddy/1.12.8/byte-buddy-1.12.8.jar:/Users/zergin_26/.m2/repository/org/apache/commons/commons-exec/1.3/commons-exec-1.3.jar:/Users/zergin_26/.m2/repository/org/asynchttpclient/async-http-client/2.12.3/async-http-client-2.12.3.jar:/Users/zergin_26/.m2/repository/org/asynchttpclient/async-http-client-netty-utils/2.12.3/async-http-client-netty-utils-2.12.3.jar:/Users/zergin_26/.m2/repository/io/netty/netty-codec-socks/4.1.60.Final/netty-codec-socks-4.1.60.Final.jar:/Users/zergin_26/.m2/repository/io/netty/netty-handler-proxy/4.1.60.Final/netty-handler-proxy-4.1.60.Final.jar:/Users/zergin_26/.m2/repository/io/netty/netty-transport-native-epoll/4.1.60.Final/netty-transport-native-epoll-4.1.60.Final-linux-x86_64.jar:/Users/zergin_26/.m2/repository/io/netty/netty-transport-native-kqueue/4.1.60.Final/netty-transport-native-kqueue-4.1.60.Final-osx-x86_64.jar:/Users/zergin_26/.m2/repository/org/reactivestreams/reactive-streams/1.0.3/reactive-streams-1.0.3.jar:/Users/zergin_26/.m2/repository/com/typesafe/netty/netty-reactive-streams/2.0.4/netty-reactive-streams-2.0.4.jar:/Users/zergin_26/.m2/repository/com/sun/activation/jakarta.activation/1.2.2/jakarta.activation-1.2.2.jar:/Users/zergin_26/.m2/repository/org/seleniumhq/selenium/selenium-http/4.1.3/selenium-http-4.1.3.jar:/Users/zergin_26/.m2/repository/dev/failsafe/failsafe/3.2.3/failsafe-3.2.3.jar:/Users/zergin_26/.m2/repository/org/seleniumhq/selenium/selenium-safari-driver/4.1.3/selenium-safari-driver-4.1.3.jar:/Users/zergin_26/.m2/repository/org/seleniumhq/selenium/selenium-support/4.1.3/selenium-support-4.1.3.jar:/Users/zergin_26/.m2/repository/io/github/bonigarcia/webdrivermanager/5.1.0/webdrivermanager-5.1.0.jar:/Users/zergin_26/.m2/repository/org/slf4j/slf4j-api/1.7.36/slf4j-api-1.7.36.jar:/Users/zergin_26/.m2/repository/com/google/code/gson/gson/2.9.0/gson-2.9.0.jar:/Users/zergin_26/.m2/repository/com/github/docker-java/docker-java/3.2.13/docker-java-3.2.13.jar:/Users/zergin_26/.m2/repository/com/github/docker-java/docker-java-core/3.2.13/docker-java-core-3.2.13.jar:/Users/zergin_26/.m2/repository/com/github/docker-java/docker-java-api/3.2.13/docker-java-api-3.2.13.jar:/Users/zergin_26/.m2/repository/com/fasterxml/jackson/core/jackson-annotations/2.10.3/jackson-annotations-2.10.3.jar:/Users/zergin_26/.m2/repository/com/fasterxml/jackson/core/jackson-databind/2.10.3/jackson-databind-2.10.3.jar:/Users/zergin_26/.m2/repository/com/fasterxml/jackson/core/jackson-core/2.10.3/jackson-core-2.10.3.jar:/Users/zergin_26/.m2/repository/org/bouncycastle/bcpkix-jdk15on/1.64/bcpkix-jdk15on-1.64.jar:/Users/zergin_26/.m2/repository/org/bouncycastle/bcprov-jdk15on/1.64/bcprov-jdk15on-1.64.jar:/Users/zergin_26/.m2/repository/org/slf4j/jcl-over-slf4j/1.7.30/jcl-over-slf4j-1.7.30.jar:/Users/zergin_26/.m2/repository/com/github/docker-java/docker-java-transport-httpclient5/3.2.13/docker-java-transport-httpclient5-3.2.13.jar:/Users/zergin_26/.m2/repository/com/github/docker-java/docker-java-transport/3.2.13/docker-java-transport-3.2.13.jar:/Users/zergin_26/.m2/repository/org/apache/httpcomponents/client5/httpclient5/5.0.3/httpclient5-5.0.3.jar:/Users/zergin_26/.m2/repository/org/apache/httpcomponents/core5/httpcore5/5.0.2/httpcore5-5.0.2.jar:/Users/zergin_26/.m2/repository/net/java/dev/jna/jna/5.8.0/jna-5.8.0.jar:/Users/zergin_26/.m2/repository/org/brotli/dec/0.1.2/dec-0.1.2.jar:/Users/zergin_26/.m2/repository/org/apache/commons/commons-lang3/3.12.0/commons-lang3-3.12.0.jar:/Users/zergin_26/.m2/repository/io/cucumber/cucumber-java/7.2.3/cucumber-java-7.2.3.jar:/Users/zergin_26/.m2/repository/io/cucumber/cucumber-core/7.2.3/cucumber-core-7.2.3.jar:/Users/zergin_26/.m2/repository/io/cucumber/cucumber-gherkin/7.2.3/cucumber-gherkin-7.2.3.jar:/Users/zergin_26/.m2/repository/io/cucumber/cucumber-gherkin-messages/7.2.3/cucumber-gherkin-messages-7.2.3.jar:/Users/zergin_26/.m2/repository/io/cucumber/messages/17.1.1/messages-17.1.1.jar:/Users/zergin_26/.m2/repository/io/cucumber/tag-expressions/4.1.0/tag-expressions-4.1.0.jar:/Users/zergin_26/.m2/repository/io/cucumber/cucumber-expressions/15.0.1/cucumber-expressions-15.0.1.jar:/Users/zergin_26/.m2/repository/io/cucumber/datatable/7.2.3/datatable-7.2.3.jar:/Users/zergin_26/.m2/repository/io/cucumber/cucumber-plugin/7.2.3/cucumber-plugin-7.2.3.jar:/Users/zergin_26/.m2/repository/io/cucumber/docstring/7.2.3/docstring-7.2.3.jar:/Users/zergin_26/.m2/repository/io/cucumber/html-formatter/17.0.0/html-formatter-17.0.0.jar:/Users/zergin_26/.m2/repository/io/cucumber/ci-environment/8.1.0/ci-environment-8.1.0.jar:/Users/zergin_26/.m2/repository/org/apiguardian/apiguardian-api/1.1.2/apiguardian-api-1.1.2.jar:/Users/zergin_26/.m2/repository/io/cucumber/cucumber-junit/7.2.3/cucumber-junit-7.2.3.jar:/Users/zergin_26/.m2/repository/junit/junit/4.13.2/junit-4.13.2.jar:/Users/zergin_26/.m2/repository/org/hamcrest/hamcrest-core/1.3/hamcrest-core-1.3.jar:/Users/zergin_26/.m2/repository/com/github/javafaker/javafaker/1.0.2/javafaker-1.0.2.jar:/Users/zergin_26/.m2/repository/org/yaml/snakeyaml/1.23/snakeyaml-1.23-android.jar:/Users/zergin_26/.m2/repository/com/github/mifmif/generex/1.0.2/generex-1.0.2.jar:/Users/zergin_26/.m2/repository/dk/brics/automaton/automaton/1.11-8/automaton-1.11-8.jar:/Users/zergin_26/.m2/repository/org/apache/poi/poi/5.2.2/poi-5.2.2.jar:/Users/zergin_26/.m2/repository/commons-codec/commons-codec/1.15/commons-codec-1.15.jar:/Users/zergin_26/.m2/repository/org/apache/commons/commons-collections4/4.4/commons-collections4-4.4.jar:/Users/zergin_26/.m2/repository/org/apache/commons/commons-math3/3.6.1/commons-math3-3.6.1.jar:/Users/zergin_26/.m2/repository/commons-io/commons-io/2.11.0/commons-io-2.11.0.jar:/Users/zergin_26/.m2/repository/com/zaxxer/SparseBitSet/1.2/SparseBitSet-1.2.jar:/Users/zergin_26/.m2/repository/org/apache/logging/log4j/log4j-api/2.17.2/log4j-api-2.17.2.jar:/Users/zergin_26/.m2/repository/org/apache/poi/poi-ooxml/5.2.2/poi-ooxml-5.2.2.jar:/Users/zergin_26/.m2/repository/org/apache/poi/poi-ooxml-lite/5.2.2/poi-ooxml-lite-5.2.2.jar:/Users/zergin_26/.m2/repository/org/apache/xmlbeans/xmlbeans/5.0.3/xmlbeans-5.0.3.jar:/Users/zergin_26/.m2/repository/org/apache/commons/commons-compress/1.21/commons-compress-1.21.jar:/Users/zergin_26/.m2/repository/com/github/virtuald/curvesapi/1.07/curvesapi-1.07.jar:"/>
    <property name="sun.cpu.endian" value="little"/>
    <property name="user.home" value="/Users/zergin_26"/>
    <property name="user.language" value="en"/>
    <property name="java.specification.vendor" value="Oracle Corporation"/>
    <property name="java.version.date" value="2022-02-08"/>
    <property name="java.home" value="/Users/zergin_26/Library/Java/JavaVirtualMachines/corretto-11.0.14.1/Contents/Home"/>
    <property name="file.separator" value="/"/>
    <property name="basedir" value="/Users/zergin_26/IdeaProjects/com.Batch59Cucumber1"/>
    <property name="java.vm.compressedOopsMode" value="Zero based"/>
    <property name="line.separator" value="&#10;"/>
    <property name="java.specification.name" value="Java Platform API Specification"/>
    <property name="java.vm.specification.vendor" value="Oracle Corporation"/>
    <property name="java.awt.graphicsenv" value="sun.awt.CGraphicsEnvironment"/>
    <property name="surefire.real.class.path" value="/Users/zergin_26/IdeaProjects/com.Batch59Cucumber1/target/surefire/surefirebooter6760174971862793562.jar"/>
    <property name="sun.management.compiler" value="HotSpot 64-Bit Tiered Compilers"/>
    <property name="ftp.nonProxyHosts" value="local|*.local|169.254/16|*.169.254/16"/>
    <property name="java.runtime.version" value="11.0.14.1+10-LTS"/>
    <property name="user.name" value="zergin_26"/>
    <property name="path.separator" value=":"/>
    <property name="os.version" value="10.13.6"/>
    <property name="java.runtime.name" value="OpenJDK Runtime Environment"/>
    <property name="file.encoding" value="UTF-8"/>
    <property name="java.vm.name" value="OpenJDK 64-Bit Server VM"/>
    <property name="java.vendor.version" value="Corretto-11.0.14.10.1"/>
    <property name="localRepository" value="/Users/zergin_26/.m2/repository"/>
    <property name="java.vendor.url.bug" value="https://github.com/corretto/corretto-11/issues/"/>
    <property name="java.io.tmpdir" value="/var/folders/_y/r7wyt3hj02z8br1_gqnyjbnw0000gn/T/"/>
    <property name="idea.version" value="2021.3.2"/>
    <property name="java.version" value="11.0.14.1"/>
    <property name="user.dir" value="/Users/zergin_26/IdeaProjects/com.Batch59Cucumber1"/>
    <property name="os.arch" value="x86_64"/>
    <property name="java.vm.specification.name" value="Java Virtual Machine Specification"/>
    <property name="java.awt.printerjob" value="sun.lwawt.macosx.CPrinterJob"/>
    <property name="sun.os.patch.level" value="unknown"/>
    <property name="java.library.path" value="/Users/zergin_26/Library/Java/Extensions:/Library/Java/Extensions:/Network/Library/Java/Extensions:/System/Library/Java/Extensions:/usr/lib/java:."/>
    <property name="java.vm.info" value="mixed mode"/>
    <property name="java.vendor" value="Amazon.com Inc."/>
    <property name="java.vm.version" value="11.0.14.1+10-LTS"/>
    <property name="sun.io.unicode.encoding" value="UnicodeBig"/>
    <property name="java.class.version" value="55.0"/>
    <property name="socksNonProxyHosts" value="local|*.local|169.254/16|*.169.254/16"/>
  </properties>
  <testcase name="TC15 herokuapp&apos;dan delete butonu calismali" classname="US1010 herokuapp Delete testi" time="28.408">
    <error message="no such element: Unable to locate element: {&quot;method&quot;:&quot;xpath&quot;,&quot;selector&quot;:&quot;//button[@class=&apos;added-manually&apos;]&quot;}&#10;  (Session info: chrome=102.0.5005.61)&#10;For documentation on this error, please visit: https://selenium.dev/exceptions/#no_such_element&#10;Build info: version: &apos;4.1.3&apos;, revision: &apos;7b1ebf28ef&apos;&#10;System info: host: &apos;192.168.1.72&apos;, ip: &apos;192.168.1.72&apos;, os.name: &apos;Mac OS X&apos;, os.arch: &apos;x86_64&apos;, os.version: &apos;10.13.6&apos;, java.version: &apos;11.0.14.1&apos;&#10;Driver info: org.openqa.selenium.chrome.ChromeDriver&#10;Command: [ce448df7884b0fc1a245c35d6fb3c4b5, findElement {using=xpath, value=//button[@class=&apos;added-manually&apos;]}]&#10;Capabilities {acceptInsecureCerts: false, browserName: chrome, browserVersion: 102.0.5005.61, chrome: {chromedriverVersion: 102.0.5005.61 (0e59bcc00cc4..., userDataDir: /var/folders/_y/r7wyt3hj02z...}, goog:chromeOptions: {debuggerAddress: localhost:59867}, javascriptEnabled: true, networkConnectionEnabled: false, pageLoadStrategy: normal, platform: MAC, platformName: MAC, proxy: Proxy(), se:cdp: ws://localhost:59867/devtoo..., se:cdpVersion: 102.0.5005.61, setWindowRect: true, strictFileInteractability: false, timeouts: {implicit: 0, pageLoad: 300000, script: 30000}, unhandledPromptBehavior: dismiss and notify, webauthn:extension:credBlob: true, webauthn:extension:largeBlob: true, webauthn:virtualAuthenticators: true}&#10;Session ID: ce448df7884b0fc1a245c35d6fb3c4b5" type="org.openqa.selenium.NoSuchElementException">org.openqa.selenium.NoSuchElementException: 
no such element: Unable to locate element: {"method":"xpath","selector":"//button[@class='added-manually']"}
  (Session info: chrome=102.0.5005.61)
For documentation on this error, please visit: https://selenium.dev/exceptions/#no_such_element
Build info: version: '4.1.3', revision: '7b1ebf28ef'
System info: host: '192.168.1.72', ip: '192.168.1.72', os.name: 'Mac OS X', os.arch: 'x86_64', os.version: '10.13.6', java.version: '11.0.14.1'
Driver info: org.openqa.selenium.chrome.ChromeDriver
Command: [ce448df7884b0fc1a245c35d6fb3c4b5, findElement {using=xpath, value=//button[@class='added-manually']}]
Capabilities {acceptInsecureCerts: false, browserName: chrome, browserVersion: 102.0.5005.61, chrome: {chromedriverVersion: 102.0.5005.61 (0e59bcc00cc4..., userDataDir: /var/folders/_y/r7wyt3hj02z...}, goog:chromeOptions: {debuggerAddress: localhost:59867}, javascriptEnabled: true, networkConnectionEnabled: false, pageLoadStrategy: normal, platform: MAC, platformName: MAC, proxy: Proxy(), se:cdp: ws://localhost:59867/devtoo..., se:cdpVersion: 102.0.5005.61, setWindowRect: true, strictFileInteractability: false, timeouts: {implicit: 0, pageLoad: 300000, script: 30000}, unhandledPromptBehavior: dismiss and notify, webauthn:extension:credBlob: true, webauthn:extension:largeBlob: true, webauthn:virtualAuthenticators: true}
Session ID: ce448df7884b0fc1a245c35d6fb3c4b5
</error>
    <system-out><![CDATA[&amp#27;[32m&amp#27;[1m┌───────────────────────────────────────────────────────────────────────────────────┐&amp#27;[0m
&amp#27;[32m&amp#27;[1m│&amp#27;[0m Share your Cucumber Report with your team at &amp#27;[36m&amp#27;[1m&amp#27;[4mhttps://reports.cucumber.io&amp#27;[0m          &amp#27;[32m&amp#27;[1m│&amp#27;[0m
&amp#27;[32m&amp#27;[1m│&amp#27;[0m Activate publishing with one of the following:                                    &amp#27;[32m&amp#27;[1m│&amp#27;[0m
&amp#27;[32m&amp#27;[1m│&amp#27;[0m                                                                                   &amp#27;[32m&amp#27;[1m│&amp#27;[0m
&amp#27;[32m&amp#27;[1m│&amp#27;[0m src/test/resources/cucumber.properties:          &amp#27;[36mcucumber.publish.enabled&amp#27;[0m=&amp#27;[36mtrue&amp#27;[0m    &amp#27;[32m&amp#27;[1m│&amp#27;[0m
&amp#27;[32m&amp#27;[1m│&amp#27;[0m src/test/resources/junit-platform.properties:    &amp#27;[36mcucumber.publish.enabled&amp#27;[0m=&amp#27;[36mtrue&amp#27;[0m    &amp#27;[32m&amp#27;[1m│&amp#27;[0m
&amp#27;[32m&amp#27;[1m│&amp#27;[0m Environment variable:                            &amp#27;[36mCUCUMBER_PUBLISH_ENABLED&amp#27;[0m=&amp#27;[36mtrue&amp#27;[0m    &amp#27;[32m&amp#27;[1m│&amp#27;[0m
&amp#27;[32m&amp#27;[1m│&amp#27;[0m JUnit:                                           &amp#27;[36m@CucumberOptions&amp#27;[0m(publish = &amp#27;[36mtrue&amp#27;[0m) &amp#27;[32m&amp#27;[1m│&amp#27;[0m
&amp#27;[32m&amp#27;[1m│&amp#27;[0m                                                                                   &amp#27;[32m&amp#27;[1m│&amp#27;[0m
&amp#27;[32m&amp#27;[1m│&amp#27;[0m More information at &amp#27;[36mhttps://cucumber.io/docs/cucumber/environment-variables/&amp#27;[0m      &amp#27;[32m&amp#27;[1m│&amp#27;[0m
&amp#27;[32m&amp#27;[1m│&amp#27;[0m                                                                                   &amp#27;[32m&amp#27;[1m│&amp#27;[0m
&amp#27;[32m&amp#27;[1m│&amp#27;[0m Disable this message with one of the following:                                   &amp#27;[32m&amp#27;[1m│&amp#27;[0m
&amp#27;[32m&amp#27;[1m│&amp#27;[0m                                                                                   &amp#27;[32m&amp#27;[1m│&amp#27;[0m
&amp#27;[32m&amp#27;[1m│&amp#27;[0m src/test/resources/cucumber.properties:          &amp#27;[36mcucumber.publish.quiet&amp#27;[0m=&amp#27;[36mtrue&amp#27;[0m      &amp#27;[32m&amp#27;[1m│&amp#27;[0m
&amp#27;[32m&amp#27;[1m│&amp#27;[0m src/test/resources/junit-platform.properties:    &amp#27;[36mcucumber.publish.quiet&amp#27;[0m=&amp#27;[36mtrue&amp#27;[0m      &amp#27;[32m&amp#27;[1m│&amp#27;[0m
&amp#27;[32m&amp#27;[1m└───────────────────────────────────────────────────────────────────────────────────┘&amp#27;[0m
]]></system-out>
    <system-err><![CDATA[Starting ChromeDriver 102.0.5005.61 (0e59bcc00cc4985ce39ad31c150065f159d95ad3-refs/branch-heads/5005@{#819}) on port 60535
Only local connections are allowed.
Please see https://chromedriver.chromium.org/security-considerations for suggestions on keeping ChromeDriver safe.
ChromeDriver was started successfully.
Jun 10, 2022 6:26:18 AM org.openqa.selenium.remote.ProtocolHandshake createSession
INFO: Detected dialect: W3C
Jun 10, 2022 6:26:18 AM org.openqa.selenium.devtools.CdpVersionFinder findNearestMatch
WARNING: Unable to find an exact match for CDP version 102, so returning the closest version found: 99
Jun 10, 2022 6:26:18 AM org.openqa.selenium.devtools.CdpVersionFinder findNearestMatch
INFO: Found CDP implementation for version 102 of 99
]]></system-err>
  </testcase>
</testsuite>